[debug] [2018-05-01T02:12:06.331Z] ----------------------------------------------------------------------
[debug] [2018-05-01T02:12:06.333Z] Command:       /usr/local/bin/node /usr/local/bin/firebase deploy --only functions
[debug] [2018-05-01T02:12:06.333Z] CLI Version:   3.18.4
[debug] [2018-05-01T02:12:06.333Z] Platform:      darwin
[debug] [2018-05-01T02:12:06.333Z] Node Version:  v8.11.1
[debug] [2018-05-01T02:12:06.333Z] Time:          Mon Apr 30 2018 19:12:06 GMT-0700 (PDT)
[debug] [2018-05-01T02:12:06.334Z] ----------------------------------------------------------------------
[debug] 
[debug] [2018-05-01T02:12:06.341Z] > command requires scopes: ["email","openid","https://www.googleapis.com/auth/cloudplatformprojects.readonly","https://www.googleapis.com/auth/firebase","https://www.googleapis.com/auth/cloud-platform"]
[debug] [2018-05-01T02:12:06.341Z] > authorizing via signed-in user
[debug] [2018-05-01T02:12:06.343Z] >>> HTTP REQUEST GET https://admin.firebase.com/v1/projects/recitedverse-6efe4  
  
 Mon Apr 30 2018 19:12:06 GMT-0700 (PDT)
[debug] [2018-05-01T02:12:06.778Z] <<< HTTP RESPONSE 200
[debug] [2018-05-01T02:12:06.779Z] >>> HTTP REQUEST GET https://admin.firebase.com/v1/database/recitedverse-6efe4/tokens  
  
 Mon Apr 30 2018 19:12:06 GMT-0700 (PDT)
[debug] [2018-05-01T02:12:07.339Z] <<< HTTP RESPONSE 200
[info] 
[info] === Deploying to 'recitedverse-6efe4'...
[info] 
[info] i  deploying functions
[info] Running command: npm --prefix "$RESOURCE_DIR" run lint
[info] ✔  functions: Finished running predeploy script.
[debug] [2018-05-01T02:12:10.000Z] > [functions] package.json contents: {
  "name": "functions",
  "description": "Cloud Functions for Firebase",
  "scripts": {
    "lint": "eslint .",
    "serve": "firebase serve --only functions",
    "shell": "firebase functions:shell",
    "start": "npm run shell",
    "deploy": "firebase deploy --only functions",
    "logs": "firebase functions:log"
  },
  "dependencies": {
    "firebase-admin": "~5.12.0",
    "firebase-functions": "^1.0.1"
  },
  "devDependencies": {
    "eslint": "^4.12.0",
    "eslint-plugin-promise": "^3.6.0"
  },
  "private": true
}
[info] i  functions: ensuring necessary APIs are enabled...
[debug] [2018-05-01T02:12:10.000Z] >>> HTTP REQUEST GET https://servicemanagement.googleapis.com/v1/services/cloudfunctions.googleapis.com/projectSettings/recitedverse-6efe4?view=CONSUMER_VIEW  
  
 Mon Apr 30 2018 19:12:10 GMT-0700 (PDT)
[debug] [2018-05-01T02:12:10.001Z] >>> HTTP REQUEST GET https://servicemanagement.googleapis.com/v1/services/runtimeconfig.googleapis.com/projectSettings/recitedverse-6efe4?view=CONSUMER_VIEW  
  
 Mon Apr 30 2018 19:12:10 GMT-0700 (PDT)
[debug] [2018-05-01T02:12:10.553Z] <<< HTTP RESPONSE 200
[debug] [2018-05-01T02:12:10.565Z] <<< HTTP RESPONSE 200
[info] ✔  functions: all necessary APIs are enabled
[debug] [2018-05-01T02:12:10.566Z] >>> HTTP REQUEST GET https://cloudresourcemanager.googleapis.com/v1/projects/recitedverse-6efe4  
  
 Mon Apr 30 2018 19:12:10 GMT-0700 (PDT)
[debug] [2018-05-01T02:12:10.892Z] <<< HTTP RESPONSE 200
[debug] [2018-05-01T02:12:10.893Z] >>> HTTP REQUEST GET https://mobilesdk-pa.googleapis.com/v1/projects/1078860066504:getServerAppConfig  
  
 Mon Apr 30 2018 19:12:10 GMT-0700 (PDT)
[debug] [2018-05-01T02:12:11.135Z] <<< HTTP RESPONSE 200
[info] i  functions: preparing functions directory for uploading...
[debug] [2018-05-01T02:12:11.136Z] >>> HTTP REQUEST GET https://runtimeconfig.googleapis.com/v1beta1/projects/recitedverse-6efe4/configs  
  
 Mon Apr 30 2018 19:12:11 GMT-0700 (PDT)
[debug] [2018-05-01T02:12:11.332Z] <<< HTTP RESPONSE 200
[debug] [2018-05-01T02:12:11.333Z] >>> HTTP REQUEST GET https://runtimeconfig.googleapis.com/v1beta1/projects/recitedverse-6efe4/configs/algolia/variables  
  
 Mon Apr 30 2018 19:12:11 GMT-0700 (PDT)
[debug] [2018-05-01T02:12:11.480Z] <<< HTTP RESPONSE 200
[debug] [2018-05-01T02:12:11.481Z] >>> HTTP REQUEST GET https://runtimeconfig.googleapis.com/v1beta1/projects/recitedverse-6efe4/configs/algolia/variables/app_id  
  
 Mon Apr 30 2018 19:12:11 GMT-0700 (PDT)
[debug] [2018-05-01T02:12:11.482Z] >>> HTTP REQUEST GET https://runtimeconfig.googleapis.com/v1beta1/projects/recitedverse-6efe4/configs/algolia/variables/app_key  
  
 Mon Apr 30 2018 19:12:11 GMT-0700 (PDT)
[debug] [2018-05-01T02:12:11.629Z] <<< HTTP RESPONSE 200
[debug] [2018-05-01T02:12:11.670Z] <<< HTTP RESPONSE 200
[info] i  functions: packaged functions (50.38 KB) for uploading
[debug] [2018-05-01T02:12:11.917Z] >>> HTTP REQUEST POST https://cloudfunctions.googleapis.com/v1/projects/recitedverse-6efe4/locations/us-central1/functions:generateUploadUrl  
  
 Mon Apr 30 2018 19:12:11 GMT-0700 (PDT)
[debug] [2018-05-01T02:12:42.330Z] <<< HTTP RESPONSE 503
[debug] [2018-05-01T02:12:42.330Z] <<< HTTP RESPONSE BODY {
  "error": {
    "code": 503,
    "message": "The service is currently unavailable.",
    "status": "UNAVAILABLE"
  }
}

[debug] [2018-05-01T02:12:42.332Z] TypeError: Cannot create property 'error' on string '{
  "error": {
    "code": 503,
    "message": "The service is currently unavailable.",
    "status": "UNAVAILABLE"
  }
}
'
    at module.exports (/usr/local/lib/node_modules/firebase-tools/lib/responseToError.js:11:16)
    at Request._callback (/usr/local/lib/node_modules/firebase-tools/lib/api.js:47:25)
    at Request.self.callback (/usr/local/lib/node_modules/firebase-tools/node_modules/request/request.js:186:22)
    at emitTwo (events.js:126:13)
    at Request.emit (events.js:214:7)
    at Request.<anonymous> (/usr/local/lib/node_modules/firebase-tools/node_modules/request/request.js:1163:10)
    at emitOne (events.js:116:13)
    at Request.emit (events.js:211:7)
    at IncomingMessage.<anonymous> (/usr/local/lib/node_modules/firebase-tools/node_modules/request/request.js:1085:12)
    at Object.onceWrapper (events.js:313:30)
[error] 
[error] Error: An unexpected error has occurred.
